<?xml version="1.0" encoding="UTF-8"?>
<testsuite name="com.nisum.seriesgenerator.bean.RangeTest" tests="98" skipped="0" failures="0" errors="0" timestamp="2019-04-06T09:15:32" hostname="ADMIN-PC" time="0.094">
  <properties/>
  <testcase name="getRangeArray" classname="com.nisum.seriesgenerator.bean.RangeTest" time="0.023"/>
  <testcase name="checkMerge_mergeStartEqualRangeStartPlus1_mergeEndLessThanRangeEnd" classname="com.nisum.seriesgenerator.bean.RangeTest" time="0.003"/>
  <testcase name="createRangeFromArrayNull" classname="com.nisum.seriesgenerator.bean.RangeTest" time="0.001"/>
  <testcase name="checkMerge_mergeStartEqualRangeStartMinus1_mergeEndEqualRangeEndPlus1" classname="com.nisum.seriesgenerator.bean.RangeTest" time="0.0"/>
  <testcase name="checkMerge_mergeEndInRange" classname="com.nisum.seriesgenerator.bean.RangeTest" time="0.0"/>
  <testcase name="getRangeStr" classname="com.nisum.seriesgenerator.bean.RangeTest" time="0.0"/>
  <testcase name="createRangeFromListEmpty" classname="com.nisum.seriesgenerator.bean.RangeTest" time="0.014"/>
  <testcase name="checkMerge_mergeStartEqualRangeStart_mergeEndLessThanRangeEnd" classname="com.nisum.seriesgenerator.bean.RangeTest" time="0.0"/>
  <testcase name="getStartValue" classname="com.nisum.seriesgenerator.bean.RangeTest" time="0.001"/>
  <testcase name="createRangeFromStringSingleValue" classname="com.nisum.seriesgenerator.bean.RangeTest" time="0.0"/>
  <testcase name="createRangeFromArrayWithNegativeEnd" classname="com.nisum.seriesgenerator.bean.RangeTest" time="0.001"/>
  <testcase name="checkMerge_mergeStartAdjacentRange" classname="com.nisum.seriesgenerator.bean.RangeTest" time="0.0"/>
  <testcase name="checkMerge_mergeStartEqualRangeStart_mergeEndEqualRangeEndPlus1" classname="com.nisum.seriesgenerator.bean.RangeTest" time="0.0"/>
  <testcase name="checkMerge_mergeStartEqualRangeStartMinus1" classname="com.nisum.seriesgenerator.bean.RangeTest" time="0.0"/>
  <testcase name="checkMerge_mergeStartEqualRangeStartMinus2" classname="com.nisum.seriesgenerator.bean.RangeTest" time="0.0"/>
  <testcase name="checkMergeWithNull" classname="com.nisum.seriesgenerator.bean.RangeTest" time="0.001"/>
  <testcase name="createRangeFromListOneNumber" classname="com.nisum.seriesgenerator.bean.RangeTest" time="0.001"/>
  <testcase name="createRangeFromStringWithStartTooLarge" classname="com.nisum.seriesgenerator.bean.RangeTest" time="0.002"/>
  <testcase name="mergeStartBeforeRangeStart_mergeEndEqualRangeStart" classname="com.nisum.seriesgenerator.bean.RangeTest" time="0.001"/>
  <testcase name="createRangeFromStringNoBracketsAndWhitespace" classname="com.nisum.seriesgenerator.bean.RangeTest" time="0.0"/>
  <testcase name="getRangeStrWithPaddedZeroes" classname="com.nisum.seriesgenerator.bean.RangeTest" time="0.0"/>
  <testcase name="checkMerge_mergeStartInRange" classname="com.nisum.seriesgenerator.bean.RangeTest" time="0.0"/>
  <testcase name="mergeStartBeforeRangeStart_mergeEndEqualRangeEnd" classname="com.nisum.seriesgenerator.bean.RangeTest" time="0.0"/>
  <testcase name="createRangeFromStringWithNegativeStart" classname="com.nisum.seriesgenerator.bean.RangeTest" time="0.001"/>
  <testcase name="mergeStartEqualRangeEndMinus1_mergeEndEqualRangeEndPlus25" classname="com.nisum.seriesgenerator.bean.RangeTest" time="0.0"/>
  <testcase name="createRangeFromArray" classname="com.nisum.seriesgenerator.bean.RangeTest" time="0.001"/>
  <testcase name="checkMerge_innerRangeWithOuter" classname="com.nisum.seriesgenerator.bean.RangeTest" time="0.0"/>
  <testcase name="createRangeFromArrayOneNumber" classname="com.nisum.seriesgenerator.bean.RangeTest" time="0.001"/>
  <testcase name="mergeStartBeforeRangeStart_mergeEndEqualRangeStartMinus1" classname="com.nisum.seriesgenerator.bean.RangeTest" time="0.002"/>
  <testcase name="mergeStartBeforeRangeStart_mergeEndEqualRangeStartMinus2" classname="com.nisum.seriesgenerator.bean.RangeTest" time="0.001"/>
  <testcase name="createRangeFromListNull" classname="com.nisum.seriesgenerator.bean.RangeTest" time="0.0"/>
  <testcase name="checkMerge_mergeStartEqualRangeStartMinus2_mergeEndEqualRangeEnd" classname="com.nisum.seriesgenerator.bean.RangeTest" time="0.0"/>
  <testcase name="createRangeFromListWithEndTooLarge" classname="com.nisum.seriesgenerator.bean.RangeTest" time="0.0"/>
  <testcase name="createRangeFromArrayEmpty" classname="com.nisum.seriesgenerator.bean.RangeTest" time="0.0"/>
  <testcase name="createRangeFromArraySingleValue" classname="com.nisum.seriesgenerator.bean.RangeTest" time="0.0"/>
  <testcase name="compareToGreaterThanEnd" classname="com.nisum.seriesgenerator.bean.RangeTest" time="0.008"/>
  <testcase name="createRangeFromListReversed" classname="com.nisum.seriesgenerator.bean.RangeTest" time="0.0"/>
  <testcase name="checkMerge_outerRangeWithInner" classname="com.nisum.seriesgenerator.bean.RangeTest" time="0.001"/>
  <testcase name="compareToLessThanEnd" classname="com.nisum.seriesgenerator.bean.RangeTest" time="0.0"/>
  <testcase name="checkMerge_mergeStartEqualRangeEndPlus1" classname="com.nisum.seriesgenerator.bean.RangeTest" time="0.0"/>
  <testcase name="checkMerge_mergeStartEqualRangeEndPlus2" classname="com.nisum.seriesgenerator.bean.RangeTest" time="0.0"/>
  <testcase name="compareToEqual" classname="com.nisum.seriesgenerator.bean.RangeTest" time="0.0"/>
  <testcase name="createRangeFromStringWithClosingBracket" classname="com.nisum.seriesgenerator.bean.RangeTest" time="0.0"/>
  <testcase name="checkMerge_mergeStartEqualRangeEnd" classname="com.nisum.seriesgenerator.bean.RangeTest" time="0.0"/>
  <testcase name="createRangeFromListFullRange" classname="com.nisum.seriesgenerator.bean.RangeTest" time="0.001"/>
  <testcase name="createRangeFromStringWithOneNumber" classname="com.nisum.seriesgenerator.bean.RangeTest" time="0.0"/>
  <testcase name="getEndValue" classname="com.nisum.seriesgenerator.bean.RangeTest" time="0.0"/>
  <testcase name="checkMerge_mergeEndEqualRangeEndPlus1" classname="com.nisum.seriesgenerator.bean.RangeTest" time="0.0"/>
  <testcase name="checkMerge_mergeEndEqualRangeEndPlus2" classname="com.nisum.seriesgenerator.bean.RangeTest" time="0.0"/>
  <testcase name="mergeStartEqualRangeEndPlus1_mergeEndEqualRangeEndPlus25" classname="com.nisum.seriesgenerator.bean.RangeTest" time="0.0"/>
  <testcase name="createRangeFromArrayWithEndTooLarge" classname="com.nisum.seriesgenerator.bean.RangeTest" time="0.0"/>
  <testcase name="createRangeFromStringEmpty" classname="com.nisum.seriesgenerator.bean.RangeTest" time="0.001"/>
  <testcase name="createRangeFromStringWithNegativeEnd" classname="com.nisum.seriesgenerator.bean.RangeTest" time="0.0"/>
  <testcase name="createRangeFromStringWithOpeningBracket" classname="com.nisum.seriesgenerator.bean.RangeTest" time="0.0"/>
  <testcase name="checkMerge_mergeStartEqualRangeStartPlus2_mergeEndEqualRangeEnd" classname="com.nisum.seriesgenerator.bean.RangeTest" time="0.001"/>
  <testcase name="createRangeFromList" classname="com.nisum.seriesgenerator.bean.RangeTest" time="0.0"/>
  <testcase name="createRangeFromStringWithThreeNumbers" classname="com.nisum.seriesgenerator.bean.RangeTest" time="0.0"/>
  <testcase name="createRangeFromArrayFullRange" classname="com.nisum.seriesgenerator.bean.RangeTest" time="0.001"/>
  <testcase name="compareToLessThanStart" classname="com.nisum.seriesgenerator.bean.RangeTest" time="0.0"/>
  <testcase name="checkMerge_mergeStartEqualRangeStart" classname="com.nisum.seriesgenerator.bean.RangeTest" time="0.0"/>
  <testcase name="checkMerge_rangeEndInMerge" classname="com.nisum.seriesgenerator.bean.RangeTest" time="0.0"/>
  <testcase name="mergeStartEqualRangeEnd_mergeEndEqualRangeEndPlus25" classname="com.nisum.seriesgenerator.bean.RangeTest" time="0.001"/>
  <testcase name="createRangeFromListWithStartTooLarge" classname="com.nisum.seriesgenerator.bean.RangeTest" time="0.0"/>
  <testcase name="mergeStartEqualRangeStart_mergeEndEqualRangeStart" classname="com.nisum.seriesgenerator.bean.RangeTest" time="0.0"/>
  <testcase name="mergeStartEqualRangeEndPlus2_mergeEndEqualRangeEndPlus25" classname="com.nisum.seriesgenerator.bean.RangeTest" time="0.001"/>
  <testcase name="getToString" classname="com.nisum.seriesgenerator.bean.RangeTest" time="0.0"/>
  <testcase name="compareToGreaterThanStart" classname="com.nisum.seriesgenerator.bean.RangeTest" time="0.0"/>
  <testcase name="checkMerge_mergeEndEqualRangeStartMinus1" classname="com.nisum.seriesgenerator.bean.RangeTest" time="0.0"/>
  <testcase name="checkMerge_mergeEndEqualRangeStartMinus2" classname="com.nisum.seriesgenerator.bean.RangeTest" time="0.0"/>
  <testcase name="createRangeFromListWithNegativeStart" classname="com.nisum.seriesgenerator.bean.RangeTest" time="0.0"/>
  <testcase name="createRangeFromStringNoBrackets" classname="com.nisum.seriesgenerator.bean.RangeTest" time="0.0"/>
  <testcase name="createRangeFromArrayReversed" classname="com.nisum.seriesgenerator.bean.RangeTest" time="0.001"/>
  <testcase name="createRangeFromStringWithBadFormat1" classname="com.nisum.seriesgenerator.bean.RangeTest" time="0.0"/>
  <testcase name="createRangeFromStringWithBadFormat2" classname="com.nisum.seriesgenerator.bean.RangeTest" time="0.0"/>
  <testcase name="createRangeFromListSingleValue" classname="com.nisum.seriesgenerator.bean.RangeTest" time="0.001"/>
  <testcase name="mergeStartBeforeRangeStart_mergeEndAfterRangeStart" classname="com.nisum.seriesgenerator.bean.RangeTest" time="0.0"/>
  <testcase name="createRangeFromStringWithBothBrackets" classname="com.nisum.seriesgenerator.bean.RangeTest" time="0.0"/>
  <testcase name="checkMerge_mergeEndEqualRangeEnd" classname="com.nisum.seriesgenerator.bean.RangeTest" time="0.0"/>
  <testcase name="createRangeFromStringWithNull" classname="com.nisum.seriesgenerator.bean.RangeTest" time="0.0"/>
  <testcase name="checkMerge_mergeEndEqualRangeStart" classname="com.nisum.seriesgenerator.bean.RangeTest" time="0.0"/>
  <testcase name="createRangeFromStringWithEndTooLarge" classname="com.nisum.seriesgenerator.bean.RangeTest" time="0.001"/>
  <testcase name="checkMerge_rangeStartInMerge" classname="com.nisum.seriesgenerator.bean.RangeTest" time="0.0"/>
  <testcase name="mergeStartBeforeRangeStart_mergeEndAfterRangeEnd" classname="com.nisum.seriesgenerator.bean.RangeTest" time="0.0"/>
  <testcase name="createCopy" classname="com.nisum.seriesgenerator.bean.RangeTest" time="0.0"/>
  <testcase name="mergeNull" classname="com.nisum.seriesgenerator.bean.RangeTest" time="0.001"/>
  <testcase name="mergeStartEqualRangeStart_mergeEndEqualRangeStartMinus1" classname="com.nisum.seriesgenerator.bean.RangeTest" time="0.0"/>
  <testcase name="mergeStartEqualRangeStart_mergeEndEqualRangeStartPlus1" classname="com.nisum.seriesgenerator.bean.RangeTest" time="0.0"/>
  <testcase name="createRangeFromArrayWithStartTooLarge" classname="com.nisum.seriesgenerator.bean.RangeTest" time="0.0"/>
  <testcase name="createRangeFromListWithNegativeEnd" classname="com.nisum.seriesgenerator.bean.RangeTest" time="0.0"/>
  <testcase name="createRangeFromStringFullRange" classname="com.nisum.seriesgenerator.bean.RangeTest" time="0.0"/>
  <testcase name="createRangeFromArrayThreeNumbers" classname="com.nisum.seriesgenerator.bean.RangeTest" time="0.0"/>
  <testcase name="createRangeFromStringReversed" classname="com.nisum.seriesgenerator.bean.RangeTest" time="0.001"/>
  <testcase name="checkMerge_mergeStartEqualRangeStartMinus2_mergeEndEqualRangeEndPlus1" classname="com.nisum.seriesgenerator.bean.RangeTest" time="0.0"/>
  <testcase name="checkMerge_mergeStartEqualRangeStartMinus1_mergeEndEqualRangeEnd" classname="com.nisum.seriesgenerator.bean.RangeTest" time="0.0"/>
  <testcase name="getToStringWithPaddedZeroes" classname="com.nisum.seriesgenerator.bean.RangeTest" time="0.0"/>
  <testcase name="createRangeFromStringWithBothBracketsAndWhitespace" classname="com.nisum.seriesgenerator.bean.RangeTest" time="0.001"/>
  <testcase name="createRangeFromListThreeNumbers" classname="com.nisum.seriesgenerator.bean.RangeTest" time="0.0"/>
  <testcase name="createRangeFromArrayWithNegativeStart" classname="com.nisum.seriesgenerator.bean.RangeTest" time="0.001"/>
  <system-out><![CDATA[]]></system-out>
  <system-err><![CDATA[]]></system-err>
</testsuite>
